{"/Users/rowan/C5/projects/VideoStoreAPI/models/customer.js":{"path":"/Users/rowan/C5/projects/VideoStoreAPI/models/customer.js","s":{"1":1,"2":1,"3":1,"4":0,"5":1,"6":1,"7":1,"8":0,"9":1,"10":1,"11":0,"12":0,"13":0,"14":0,"15":0,"16":1,"17":0,"18":0,"19":0,"20":0,"21":1,"22":0,"23":0,"24":0,"25":0,"26":1,"27":0,"28":0,"29":0,"30":0,"31":1,"32":0,"33":0,"34":0,"35":0,"36":1,"37":1,"38":1},"b":{"1":[0,1],"2":[0,0],"3":[0,0],"4":[0,0],"5":[0,0],"6":[0,0],"7":[0,0],"8":[0,0],"9":[0,0],"10":[0,0],"11":[0,0],"12":[0,0],"13":[0,0],"14":[0,0],"15":[0,0],"16":[0,0],"17":[0,0]},"f":{"1":0,"2":1,"3":1,"4":0,"5":0,"6":0,"7":0,"8":0,"9":0,"10":0,"11":0,"12":0,"13":0,"14":1},"fnMap":{"1":{"name":"(anonymous_1)","line":4,"loc":{"start":{"line":4,"column":16},"end":{"line":4,"column":29}}},"2":{"name":"(anonymous_2)","line":8,"loc":{"start":{"line":8,"column":16},"end":{"line":8,"column":35}}},"3":{"name":"(anonymous_3)","line":9,"loc":{"start":{"line":9,"column":37},"end":{"line":9,"column":60}}},"4":{"name":"(anonymous_4)","line":18,"loc":{"start":{"line":18,"column":21},"end":{"line":18,"column":49}}},"5":{"name":"(anonymous_5)","line":19,"loc":{"start":{"line":19,"column":33},"end":{"line":19,"column":60}}},"6":{"name":"(anonymous_6)","line":29,"loc":{"start":{"line":29,"column":27},"end":{"line":29,"column":55}}},"7":{"name":"(anonymous_7)","line":30,"loc":{"start":{"line":30,"column":33},"end":{"line":30,"column":59}}},"8":{"name":"(anonymous_8)","line":39,"loc":{"start":{"line":39,"column":23},"end":{"line":39,"column":51}}},"9":{"name":"(anonymous_9)","line":40,"loc":{"start":{"line":40,"column":33},"end":{"line":40,"column":59}}},"10":{"name":"(anonymous_10)","line":49,"loc":{"start":{"line":49,"column":27},"end":{"line":49,"column":54}}},"11":{"name":"(anonymous_11)","line":50,"loc":{"start":{"line":50,"column":230},"end":{"line":50,"column":253}}},"12":{"name":"(anonymous_12)","line":59,"loc":{"start":{"line":59,"column":24},"end":{"line":59,"column":51}}},"13":{"name":"(anonymous_13)","line":60,"loc":{"start":{"line":60,"column":104},"end":{"line":60,"column":127}}},"14":{"name":"(anonymous_14)","line":69,"loc":{"start":{"line":69,"column":16},"end":{"line":69,"column":28}}}},"statementMap":{"1":{"start":{"line":1,"column":0},"end":{"line":1,"column":28}},"2":{"start":{"line":2,"column":0},"end":{"line":2,"column":23}},"3":{"start":{"line":4,"column":0},"end":{"line":6,"column":2}},"4":{"start":{"line":5,"column":2},"end":{"line":5,"column":24}},"5":{"start":{"line":8,"column":0},"end":{"line":16,"column":2}},"6":{"start":{"line":9,"column":2},"end":{"line":15,"column":5}},"7":{"start":{"line":10,"column":4},"end":{"line":14,"column":5}},"8":{"start":{"line":11,"column":6},"end":{"line":11,"column":33}},"9":{"start":{"line":13,"column":6},"end":{"line":13,"column":29}},"10":{"start":{"line":18,"column":0},"end":{"line":27,"column":2}},"11":{"start":{"line":19,"column":2},"end":{"line":26,"column":5}},"12":{"start":{"line":20,"column":4},"end":{"line":25,"column":5}},"13":{"start":{"line":21,"column":6},"end":{"line":21,"column":78}},"14":{"start":{"line":23,"column":6},"end":{"line":23,"column":28}},"15":{"start":{"line":24,"column":6},"end":{"line":24,"column":44}},"16":{"start":{"line":29,"column":0},"end":{"line":37,"column":2}},"17":{"start":{"line":30,"column":2},"end":{"line":36,"column":5}},"18":{"start":{"line":31,"column":4},"end":{"line":35,"column":5}},"19":{"start":{"line":32,"column":6},"end":{"line":32,"column":78}},"20":{"start":{"line":34,"column":6},"end":{"line":34,"column":32}},"21":{"start":{"line":39,"column":0},"end":{"line":47,"column":2}},"22":{"start":{"line":40,"column":2},"end":{"line":46,"column":5}},"23":{"start":{"line":41,"column":4},"end":{"line":45,"column":5}},"24":{"start":{"line":42,"column":6},"end":{"line":42,"column":78}},"25":{"start":{"line":44,"column":6},"end":{"line":44,"column":32}},"26":{"start":{"line":49,"column":0},"end":{"line":57,"column":2}},"27":{"start":{"line":50,"column":2},"end":{"line":56,"column":5}},"28":{"start":{"line":51,"column":4},"end":{"line":55,"column":5}},"29":{"start":{"line":52,"column":6},"end":{"line":52,"column":73}},"30":{"start":{"line":54,"column":6},"end":{"line":54,"column":29}},"31":{"start":{"line":59,"column":0},"end":{"line":67,"column":2}},"32":{"start":{"line":60,"column":2},"end":{"line":66,"column":5}},"33":{"start":{"line":61,"column":4},"end":{"line":65,"column":5}},"34":{"start":{"line":62,"column":6},"end":{"line":62,"column":73}},"35":{"start":{"line":64,"column":6},"end":{"line":64,"column":29}},"36":{"start":{"line":69,"column":0},"end":{"line":69,"column":40}},"37":{"start":{"line":69,"column":30},"end":{"line":69,"column":39}},"38":{"start":{"line":71,"column":0},"end":{"line":71,"column":27}}},"branchMap":{"1":{"line":10,"type":"if","locations":[{"start":{"line":10,"column":4},"end":{"line":10,"column":4}},{"start":{"line":10,"column":4},"end":{"line":10,"column":4}}]},"2":{"line":20,"type":"if","locations":[{"start":{"line":20,"column":4},"end":{"line":20,"column":4}},{"start":{"line":20,"column":4},"end":{"line":20,"column":4}}]},"3":{"line":20,"type":"binary-expr","locations":[{"start":{"line":20,"column":7},"end":{"line":20,"column":12}},{"start":{"line":20,"column":16},"end":{"line":20,"column":26}}]},"4":{"line":21,"type":"binary-expr","locations":[{"start":{"line":21,"column":15},"end":{"line":21,"column":20}},{"start":{"line":21,"column":24},"end":{"line":21,"column":65}}]},"5":{"line":24,"type":"binary-expr","locations":[{"start":{"line":24,"column":6},"end":{"line":24,"column":14}},{"start":{"line":24,"column":18},"end":{"line":24,"column":43}}]},"6":{"line":31,"type":"if","locations":[{"start":{"line":31,"column":4},"end":{"line":31,"column":4}},{"start":{"line":31,"column":4},"end":{"line":31,"column":4}}]},"7":{"line":31,"type":"binary-expr","locations":[{"start":{"line":31,"column":7},"end":{"line":31,"column":12}},{"start":{"line":31,"column":16},"end":{"line":31,"column":26}}]},"8":{"line":32,"type":"binary-expr","locations":[{"start":{"line":32,"column":15},"end":{"line":32,"column":20}},{"start":{"line":32,"column":24},"end":{"line":32,"column":65}}]},"9":{"line":41,"type":"if","locations":[{"start":{"line":41,"column":4},"end":{"line":41,"column":4}},{"start":{"line":41,"column":4},"end":{"line":41,"column":4}}]},"10":{"line":41,"type":"binary-expr","locations":[{"start":{"line":41,"column":7},"end":{"line":41,"column":12}},{"start":{"line":41,"column":16},"end":{"line":41,"column":26}}]},"11":{"line":42,"type":"binary-expr","locations":[{"start":{"line":42,"column":15},"end":{"line":42,"column":20}},{"start":{"line":42,"column":24},"end":{"line":42,"column":65}}]},"12":{"line":51,"type":"if","locations":[{"start":{"line":51,"column":4},"end":{"line":51,"column":4}},{"start":{"line":51,"column":4},"end":{"line":51,"column":4}}]},"13":{"line":51,"type":"binary-expr","locations":[{"start":{"line":51,"column":7},"end":{"line":51,"column":12}},{"start":{"line":51,"column":16},"end":{"line":51,"column":23}}]},"14":{"line":52,"type":"binary-expr","locations":[{"start":{"line":52,"column":15},"end":{"line":52,"column":20}},{"start":{"line":52,"column":24},"end":{"line":52,"column":60}}]},"15":{"line":61,"type":"if","locations":[{"start":{"line":61,"column":4},"end":{"line":61,"column":4}},{"start":{"line":61,"column":4},"end":{"line":61,"column":4}}]},"16":{"line":61,"type":"binary-expr","locations":[{"start":{"line":61,"column":7},"end":{"line":61,"column":12}},{"start":{"line":61,"column":16},"end":{"line":61,"column":23}}]},"17":{"line":62,"type":"binary-expr","locations":[{"start":{"line":62,"column":15},"end":{"line":62,"column":20}},{"start":{"line":62,"column":24},"end":{"line":62,"column":60}}]}}},"/Users/rowan/C5/projects/VideoStoreAPI/app.js":{"path":"/Users/rowan/C5/projects/VideoStoreAPI/app.js","s":{"1":1,"2":1,"3":1,"4":1,"5":1,"6":1,"7":1,"8":1,"9":1,"10":1,"11":1,"12":1,"13":1,"14":1,"15":1,"16":1,"17":1,"18":1,"19":1,"20":1,"21":1,"22":1,"23":1,"24":1,"25":1,"26":1,"27":1,"28":1,"29":1,"30":0,"31":0,"32":0,"33":1,"34":0,"35":0,"36":0,"37":1,"38":0,"39":0,"40":1},"b":{"1":[0,1],"2":[0,0],"3":[0,0]},"f":{"1":0,"2":0,"3":0},"fnMap":{"1":{"name":"(anonymous_1)","line":50,"loc":{"start":{"line":50,"column":8},"end":{"line":50,"column":33}}},"2":{"name":"(anonymous_2)","line":61,"loc":{"start":{"line":61,"column":10},"end":{"line":61,"column":40}}},"3":{"name":"(anonymous_3)","line":72,"loc":{"start":{"line":72,"column":8},"end":{"line":72,"column":38}}}},"statementMap":{"1":{"start":{"line":1,"column":0},"end":{"line":1,"column":32}},"2":{"start":{"line":2,"column":0},"end":{"line":2,"column":26}},"3":{"start":{"line":3,"column":0},"end":{"line":3,"column":38}},"4":{"start":{"line":4,"column":0},"end":{"line":4,"column":30}},"5":{"start":{"line":5,"column":0},"end":{"line":5,"column":43}},"6":{"start":{"line":6,"column":0},"end":{"line":6,"column":39}},"7":{"start":{"line":7,"column":0},"end":{"line":7,"column":43}},"8":{"start":{"line":8,"column":0},"end":{"line":8,"column":37}},"9":{"start":{"line":9,"column":0},"end":{"line":9,"column":32}},"10":{"start":{"line":12,"column":0},"end":{"line":12,"column":55}},"11":{"start":{"line":13,"column":0},"end":{"line":13,"column":80}},"12":{"start":{"line":14,"column":0},"end":{"line":14,"column":30}},"13":{"start":{"line":22,"column":0},"end":{"line":22,"column":26}},"14":{"start":{"line":23,"column":0},"end":{"line":23,"column":51}},"15":{"start":{"line":25,"column":0},"end":{"line":25,"column":43}},"16":{"start":{"line":26,"column":0},"end":{"line":26,"column":25}},"17":{"start":{"line":28,"column":0},"end":{"line":28,"column":44}},"18":{"start":{"line":29,"column":0},"end":{"line":29,"column":31}},"19":{"start":{"line":31,"column":0},"end":{"line":31,"column":50}},"20":{"start":{"line":32,"column":0},"end":{"line":32,"column":37}},"21":{"start":{"line":33,"column":0},"end":{"line":33,"column":37}},"22":{"start":{"line":35,"column":0},"end":{"line":35,"column":46}},"23":{"start":{"line":36,"column":0},"end":{"line":36,"column":33}},"24":{"start":{"line":39,"column":0},"end":{"line":39,"column":47}},"25":{"start":{"line":40,"column":0},"end":{"line":40,"column":30}},"26":{"start":{"line":44,"column":0},"end":{"line":44,"column":22}},"27":{"start":{"line":45,"column":0},"end":{"line":45,"column":23}},"28":{"start":{"line":46,"column":0},"end":{"line":46,"column":55}},"29":{"start":{"line":50,"column":0},"end":{"line":54,"column":2}},"30":{"start":{"line":51,"column":2},"end":{"line":51,"column":34}},"31":{"start":{"line":52,"column":2},"end":{"line":52,"column":18}},"32":{"start":{"line":53,"column":2},"end":{"line":53,"column":11}},"33":{"start":{"line":60,"column":0},"end":{"line":68,"column":1}},"34":{"start":{"line":61,"column":2},"end":{"line":67,"column":4}},"35":{"start":{"line":62,"column":4},"end":{"line":62,"column":33}},"36":{"start":{"line":63,"column":4},"end":{"line":66,"column":6}},"37":{"start":{"line":72,"column":0},"end":{"line":78,"column":2}},"38":{"start":{"line":73,"column":2},"end":{"line":73,"column":31}},"39":{"start":{"line":74,"column":2},"end":{"line":77,"column":4}},"40":{"start":{"line":81,"column":0},"end":{"line":81,"column":20}}},"branchMap":{"1":{"line":60,"type":"if","locations":[{"start":{"line":60,"column":0},"end":{"line":60,"column":0}},{"start":{"line":60,"column":0},"end":{"line":60,"column":0}}]},"2":{"line":62,"type":"binary-expr","locations":[{"start":{"line":62,"column":15},"end":{"line":62,"column":25}},{"start":{"line":62,"column":29},"end":{"line":62,"column":32}}]},"3":{"line":73,"type":"binary-expr","locations":[{"start":{"line":73,"column":13},"end":{"line":73,"column":23}},{"start":{"line":73,"column":27},"end":{"line":73,"column":30}}]}}},"/Users/rowan/C5/projects/VideoStoreAPI/routes/index.js":{"path":"/Users/rowan/C5/projects/VideoStoreAPI/routes/index.js","s":{"1":1,"2":1,"3":1,"4":1,"5":0,"6":1,"7":0,"8":1,"9":0,"10":1},"b":{},"f":{"1":0,"2":0,"3":0},"fnMap":{"1":{"name":"(anonymous_1)","line":246,"loc":{"start":{"line":246,"column":16},"end":{"line":246,"column":42}}},"2":{"name":"(anonymous_2)","line":250,"loc":{"start":{"line":250,"column":20},"end":{"line":250,"column":46}}},"3":{"name":"(anonymous_3)","line":254,"loc":{"start":{"line":254,"column":29},"end":{"line":254,"column":54}}}},"statementMap":{"1":{"start":{"line":1,"column":0},"end":{"line":1,"column":32}},"2":{"start":{"line":2,"column":0},"end":{"line":2,"column":29}},"3":{"start":{"line":3,"column":0},"end":{"line":243,"column":1}},"4":{"start":{"line":246,"column":0},"end":{"line":248,"column":2}},"5":{"start":{"line":247,"column":2},"end":{"line":247,"column":28}},"6":{"start":{"line":250,"column":0},"end":{"line":252,"column":2}},"7":{"start":{"line":251,"column":2},"end":{"line":251,"column":46}},"8":{"start":{"line":254,"column":0},"end":{"line":256,"column":2}},"9":{"start":{"line":255,"column":2},"end":{"line":255,"column":28}},"10":{"start":{"line":258,"column":0},"end":{"line":258,"column":23}}},"branchMap":{}},"/Users/rowan/C5/projects/VideoStoreAPI/routes/movies.js":{"path":"/Users/rowan/C5/projects/VideoStoreAPI/routes/movies.js","s":{"1":1,"2":1,"3":1,"4":1,"5":1,"6":1,"7":1,"8":1,"9":1,"10":1,"11":1},"b":{},"f":{},"fnMap":{},"statementMap":{"1":{"start":{"line":1,"column":0},"end":{"line":1,"column":32}},"2":{"start":{"line":2,"column":0},"end":{"line":2,"column":29}},"3":{"start":{"line":3,"column":0},"end":{"line":3,"column":66}},"4":{"start":{"line":6,"column":0},"end":{"line":6,"column":47}},"5":{"start":{"line":9,"column":0},"end":{"line":9,"column":58}},"6":{"start":{"line":10,"column":0},"end":{"line":10,"column":67}},"7":{"start":{"line":14,"column":0},"end":{"line":14,"column":56}},"8":{"start":{"line":16,"column":0},"end":{"line":16,"column":73}},"9":{"start":{"line":17,"column":0},"end":{"line":17,"column":86}},"10":{"start":{"line":18,"column":0},"end":{"line":18,"column":84}},"11":{"start":{"line":20,"column":0},"end":{"line":20,"column":23}}},"branchMap":{}},"/Users/rowan/C5/projects/VideoStoreAPI/controllers/movies_controller.js":{"path":"/Users/rowan/C5/projects/VideoStoreAPI/controllers/movies_controller.js","s":{"1":1,"2":0,"3":0,"4":0,"5":0,"6":0,"7":0,"8":0,"9":0,"10":0,"11":0,"12":0,"13":0,"14":0,"15":0,"16":0,"17":0,"18":0,"19":0,"20":0,"21":0,"22":0,"23":0,"24":0,"25":0,"26":0,"27":0,"28":0,"29":0,"30":0,"31":0,"32":0,"33":1},"b":{"1":[0,0]},"f":{"1":0,"2":0,"3":0,"4":0,"5":0,"6":0,"7":0,"8":0,"9":0,"10":0,"11":0,"12":0,"13":0,"14":0,"15":0},"fnMap":{"1":{"name":"(anonymous_1)","line":2,"loc":{"start":{"line":2,"column":9},"end":{"line":2,"column":29}}},"2":{"name":"(anonymous_2)","line":7,"loc":{"start":{"line":7,"column":18},"end":{"line":7,"column":38}}},"3":{"name":"(anonymous_3)","line":9,"loc":{"start":{"line":9,"column":35},"end":{"line":9,"column":58}}},"4":{"name":"(anonymous_4)","line":19,"loc":{"start":{"line":19,"column":17},"end":{"line":19,"column":37}}},"5":{"name":"(anonymous_5)","line":24,"loc":{"start":{"line":24,"column":68},"end":{"line":24,"column":91}}},"6":{"name":"(anonymous_6)","line":29,"loc":{"start":{"line":29,"column":19},"end":{"line":29,"column":39}}},"7":{"name":"(anonymous_7)","line":33,"loc":{"start":{"line":33,"column":75},"end":{"line":33,"column":98}}},"8":{"name":"(anonymous_8)","line":38,"loc":{"start":{"line":38,"column":19},"end":{"line":38,"column":39}}},"9":{"name":"(anonymous_9)","line":41,"loc":{"start":{"line":41,"column":39},"end":{"line":41,"column":62}}},"10":{"name":"(anonymous_10)","line":55,"loc":{"start":{"line":55,"column":28},"end":{"line":55,"column":48}}},"11":{"name":"(anonymous_11)","line":59,"loc":{"start":{"line":59,"column":209},"end":{"line":59,"column":231}}},"12":{"name":"(anonymous_12)","line":63,"loc":{"start":{"line":63,"column":31},"end":{"line":63,"column":51}}},"13":{"name":"(anonymous_13)","line":67,"loc":{"start":{"line":67,"column":241},"end":{"line":67,"column":264}}},"14":{"name":"(anonymous_14)","line":72,"loc":{"start":{"line":72,"column":29},"end":{"line":72,"column":49}}},"15":{"name":"(anonymous_15)","line":76,"loc":{"start":{"line":76,"column":236},"end":{"line":76,"column":258}}}},"statementMap":{"1":{"start":{"line":1,"column":0},"end":{"line":80,"column":1}},"2":{"start":{"line":3,"column":4},"end":{"line":3,"column":36}},"3":{"start":{"line":8,"column":4},"end":{"line":8,"column":30}},"4":{"start":{"line":9,"column":4},"end":{"line":11,"column":6}},"5":{"start":{"line":10,"column":6},"end":{"line":10,"column":22}},"6":{"start":{"line":20,"column":4},"end":{"line":20,"column":30}},"7":{"start":{"line":21,"column":4},"end":{"line":21,"column":33}},"8":{"start":{"line":22,"column":4},"end":{"line":22,"column":31}},"9":{"start":{"line":24,"column":4},"end":{"line":26,"column":6}},"10":{"start":{"line":25,"column":6},"end":{"line":25,"column":22}},"11":{"start":{"line":30,"column":4},"end":{"line":30,"column":30}},"12":{"start":{"line":31,"column":4},"end":{"line":31,"column":33}},"13":{"start":{"line":32,"column":4},"end":{"line":32,"column":31}},"14":{"start":{"line":33,"column":4},"end":{"line":35,"column":6}},"15":{"start":{"line":34,"column":6},"end":{"line":34,"column":22}},"16":{"start":{"line":39,"column":4},"end":{"line":39,"column":30}},"17":{"start":{"line":40,"column":4},"end":{"line":40,"column":32}},"18":{"start":{"line":41,"column":4},"end":{"line":48,"column":6}},"19":{"start":{"line":42,"column":6},"end":{"line":47,"column":7}},"20":{"start":{"line":43,"column":8},"end":{"line":43,"column":57}},"21":{"start":{"line":46,"column":8},"end":{"line":46,"column":24}},"22":{"start":{"line":56,"column":4},"end":{"line":56,"column":30}},"23":{"start":{"line":57,"column":4},"end":{"line":57,"column":32}},"24":{"start":{"line":59,"column":4},"end":{"line":60,"column":6}},"25":{"start":{"line":64,"column":4},"end":{"line":64,"column":30}},"26":{"start":{"line":65,"column":4},"end":{"line":65,"column":32}},"27":{"start":{"line":67,"column":4},"end":{"line":69,"column":6}},"28":{"start":{"line":68,"column":6},"end":{"line":68,"column":22}},"29":{"start":{"line":73,"column":4},"end":{"line":73,"column":30}},"30":{"start":{"line":74,"column":4},"end":{"line":74,"column":32}},"31":{"start":{"line":76,"column":4},"end":{"line":78,"column":6}},"32":{"start":{"line":77,"column":6},"end":{"line":77,"column":22}},"33":{"start":{"line":82,"column":0},"end":{"line":82,"column":33}}},"branchMap":{"1":{"line":42,"type":"if","locations":[{"start":{"line":42,"column":6},"end":{"line":42,"column":6}},{"start":{"line":42,"column":6},"end":{"line":42,"column":6}}]}}},"/Users/rowan/C5/projects/VideoStoreAPI/routes/customers.js":{"path":"/Users/rowan/C5/projects/VideoStoreAPI/routes/customers.js","s":{"1":1,"2":1,"3":1,"4":1,"5":1,"6":1,"7":1,"8":1,"9":1,"10":1},"b":{},"f":{},"fnMap":{},"statementMap":{"1":{"start":{"line":1,"column":0},"end":{"line":1,"column":32}},"2":{"start":{"line":2,"column":0},"end":{"line":2,"column":29}},"3":{"start":{"line":3,"column":0},"end":{"line":3,"column":72}},"4":{"start":{"line":6,"column":0},"end":{"line":6,"column":49}},"5":{"start":{"line":9,"column":0},"end":{"line":9,"column":63}},"6":{"start":{"line":10,"column":0},"end":{"line":10,"column":78}},"7":{"start":{"line":11,"column":0},"end":{"line":11,"column":72}},"8":{"start":{"line":14,"column":0},"end":{"line":14,"column":64}},"9":{"start":{"line":15,"column":0},"end":{"line":15,"column":67}},"10":{"start":{"line":17,"column":0},"end":{"line":17,"column":23}}},"branchMap":{}},"/Users/rowan/C5/projects/VideoStoreAPI/controllers/customers_controller.js":{"path":"/Users/rowan/C5/projects/VideoStoreAPI/controllers/customers_controller.js","s":{"1":1,"2":1,"3":0,"4":0,"5":0,"6":0,"7":0,"8":0,"9":0,"10":0,"11":0,"12":0,"13":0,"14":0,"15":0,"16":0,"17":0,"18":0,"19":0,"20":0,"21":0,"22":0,"23":0,"24":0,"25":0,"26":0,"27":0,"28":0,"29":0,"30":0,"31":0,"32":0,"33":0,"34":0,"35":0,"36":0,"37":0,"38":0,"39":0,"40":0,"41":0,"42":0,"43":0,"44":1},"b":{"1":[0,0],"2":[0,0],"3":[0,0],"4":[0,0],"5":[0,0],"6":[0,0]},"f":{"1":0,"2":0,"3":0,"4":0,"5":0,"6":0,"7":0,"8":0,"9":0,"10":0,"11":0,"12":0},"fnMap":{"1":{"name":"(anonymous_1)","line":6,"loc":{"start":{"line":6,"column":17},"end":{"line":6,"column":41}}},"2":{"name":"(anonymous_2)","line":7,"loc":{"start":{"line":7,"column":17},"end":{"line":7,"column":44}}},"3":{"name":"(anonymous_3)","line":19,"loc":{"start":{"line":19,"column":21},"end":{"line":19,"column":46}}},"4":{"name":"(anonymous_4)","line":21,"loc":{"start":{"line":21,"column":31},"end":{"line":21,"column":57}}},"5":{"name":"(anonymous_5)","line":32,"loc":{"start":{"line":32,"column":28},"end":{"line":32,"column":46}}},"6":{"name":"(anonymous_6)","line":34,"loc":{"start":{"line":34,"column":37},"end":{"line":34,"column":63}}},"7":{"name":"(anonymous_7)","line":45,"loc":{"start":{"line":45,"column":24},"end":{"line":45,"column":42}}},"8":{"name":"(anonymous_8)","line":47,"loc":{"start":{"line":47,"column":33},"end":{"line":47,"column":59}}},"9":{"name":"(anonymous_9)","line":60,"loc":{"start":{"line":60,"column":21},"end":{"line":60,"column":39}}},"10":{"name":"(anonymous_10)","line":62,"loc":{"start":{"line":62,"column":37},"end":{"line":62,"column":60}}},"11":{"name":"(anonymous_11)","line":73,"loc":{"start":{"line":73,"column":24},"end":{"line":73,"column":42}}},"12":{"name":"(anonymous_12)","line":75,"loc":{"start":{"line":75,"column":34},"end":{"line":75,"column":57}}}},"statementMap":{"1":{"start":{"line":1,"column":0},"end":{"line":1,"column":45}},"2":{"start":{"line":3,"column":0},"end":{"line":85,"column":1}},"3":{"start":{"line":7,"column":4},"end":{"line":15,"column":6}},"4":{"start":{"line":8,"column":6},"end":{"line":14,"column":7}},"5":{"start":{"line":9,"column":8},"end":{"line":9,"column":81}},"6":{"start":{"line":10,"column":8},"end":{"line":10,"column":25}},"7":{"start":{"line":11,"column":8},"end":{"line":11,"column":18}},"8":{"start":{"line":13,"column":8},"end":{"line":13,"column":27}},"9":{"start":{"line":20,"column":4},"end":{"line":20,"column":78}},"10":{"start":{"line":21,"column":4},"end":{"line":29,"column":6}},"11":{"start":{"line":22,"column":6},"end":{"line":28,"column":7}},"12":{"start":{"line":23,"column":8},"end":{"line":23,"column":81}},"13":{"start":{"line":24,"column":8},"end":{"line":24,"column":25}},"14":{"start":{"line":25,"column":8},"end":{"line":25,"column":18}},"15":{"start":{"line":27,"column":8},"end":{"line":27,"column":27}},"16":{"start":{"line":33,"column":4},"end":{"line":33,"column":87}},"17":{"start":{"line":34,"column":4},"end":{"line":42,"column":6}},"18":{"start":{"line":35,"column":6},"end":{"line":41,"column":7}},"19":{"start":{"line":36,"column":8},"end":{"line":36,"column":81}},"20":{"start":{"line":37,"column":8},"end":{"line":37,"column":25}},"21":{"start":{"line":38,"column":8},"end":{"line":38,"column":18}},"22":{"start":{"line":40,"column":8},"end":{"line":40,"column":27}},"23":{"start":{"line":46,"column":4},"end":{"line":46,"column":85}},"24":{"start":{"line":47,"column":4},"end":{"line":55,"column":6}},"25":{"start":{"line":48,"column":6},"end":{"line":54,"column":7}},"26":{"start":{"line":49,"column":8},"end":{"line":49,"column":81}},"27":{"start":{"line":50,"column":8},"end":{"line":50,"column":25}},"28":{"start":{"line":51,"column":8},"end":{"line":51,"column":18}},"29":{"start":{"line":53,"column":8},"end":{"line":53,"column":27}},"30":{"start":{"line":61,"column":4},"end":{"line":61,"column":31}},"31":{"start":{"line":62,"column":4},"end":{"line":70,"column":6}},"32":{"start":{"line":63,"column":6},"end":{"line":69,"column":7}},"33":{"start":{"line":64,"column":8},"end":{"line":64,"column":72}},"34":{"start":{"line":65,"column":8},"end":{"line":65,"column":25}},"35":{"start":{"line":66,"column":8},"end":{"line":66,"column":18}},"36":{"start":{"line":68,"column":8},"end":{"line":68,"column":24}},"37":{"start":{"line":74,"column":4},"end":{"line":74,"column":31}},"38":{"start":{"line":75,"column":4},"end":{"line":83,"column":6}},"39":{"start":{"line":76,"column":6},"end":{"line":82,"column":7}},"40":{"start":{"line":77,"column":8},"end":{"line":77,"column":72}},"41":{"start":{"line":78,"column":8},"end":{"line":78,"column":25}},"42":{"start":{"line":79,"column":8},"end":{"line":79,"column":18}},"43":{"start":{"line":81,"column":8},"end":{"line":81,"column":24}},"44":{"start":{"line":88,"column":0},"end":{"line":88,"column":36}}},"branchMap":{"1":{"line":8,"type":"if","locations":[{"start":{"line":8,"column":6},"end":{"line":8,"column":6}},{"start":{"line":8,"column":6},"end":{"line":8,"column":6}}]},"2":{"line":22,"type":"if","locations":[{"start":{"line":22,"column":6},"end":{"line":22,"column":6}},{"start":{"line":22,"column":6},"end":{"line":22,"column":6}}]},"3":{"line":35,"type":"if","locations":[{"start":{"line":35,"column":6},"end":{"line":35,"column":6}},{"start":{"line":35,"column":6},"end":{"line":35,"column":6}}]},"4":{"line":48,"type":"if","locations":[{"start":{"line":48,"column":6},"end":{"line":48,"column":6}},{"start":{"line":48,"column":6},"end":{"line":48,"column":6}}]},"5":{"line":63,"type":"if","locations":[{"start":{"line":63,"column":6},"end":{"line":63,"column":6}},{"start":{"line":63,"column":6},"end":{"line":63,"column":6}}]},"6":{"line":76,"type":"if","locations":[{"start":{"line":76,"column":6},"end":{"line":76,"column":6}},{"start":{"line":76,"column":6},"end":{"line":76,"column":6}}]}}},"/Users/rowan/C5/projects/VideoStoreAPI/routes/rentals.js":{"path":"/Users/rowan/C5/projects/VideoStoreAPI/routes/rentals.js","s":{"1":1,"2":1,"3":1,"4":1,"5":1,"6":1,"7":1,"8":1,"9":1},"b":{},"f":{},"fnMap":{},"statementMap":{"1":{"start":{"line":1,"column":0},"end":{"line":1,"column":32}},"2":{"start":{"line":2,"column":0},"end":{"line":2,"column":29}},"3":{"start":{"line":3,"column":0},"end":{"line":3,"column":67}},"4":{"start":{"line":5,"column":0},"end":{"line":5,"column":51}},"5":{"start":{"line":6,"column":0},"end":{"line":6,"column":52}},"6":{"start":{"line":7,"column":0},"end":{"line":7,"column":75}},"7":{"start":{"line":9,"column":0},"end":{"line":9,"column":71}},"8":{"start":{"line":10,"column":0},"end":{"line":10,"column":68}},"9":{"start":{"line":12,"column":0},"end":{"line":12,"column":23}}},"branchMap":{}},"/Users/rowan/C5/projects/VideoStoreAPI/controllers/rental_controller.js":{"path":"/Users/rowan/C5/projects/VideoStoreAPI/controllers/rental_controller.js","s":{"1":1,"2":1,"3":0,"4":0,"5":0,"6":0,"7":0,"8":0,"9":0,"10":0,"11":0,"12":0,"13":0,"14":0,"15":0,"16":0,"17":0,"18":0,"19":0,"20":0,"21":0,"22":0,"23":0,"24":0,"25":0,"26":0,"27":0,"28":0,"29":0,"30":0,"31":0,"32":0,"33":0,"34":0,"35":0,"36":0,"37":0,"38":0,"39":0,"40":0,"41":0,"42":0,"43":0,"44":0,"45":0,"46":0,"47":0,"48":0,"49":0,"50":0,"51":0,"52":0,"53":0,"54":0,"55":0,"56":0,"57":0,"58":0,"59":1},"b":{"1":[0,0],"2":[0,0],"3":[0,0],"4":[0,0],"5":[0,0],"6":[0,0],"7":[0,0]},"f":{"1":0,"2":0,"3":0,"4":0,"5":0,"6":0,"7":0,"8":0,"9":0,"10":0,"11":0,"12":0,"13":0,"14":0,"15":0,"16":0,"17":0},"fnMap":{"1":{"name":"(anonymous_1)","line":5,"loc":{"start":{"line":5,"column":14},"end":{"line":5,"column":32}}},"2":{"name":"(anonymous_2)","line":7,"loc":{"start":{"line":7,"column":24},"end":{"line":7,"column":48}}},"3":{"name":"(anonymous_3)","line":21,"loc":{"start":{"line":21,"column":29},"end":{"line":21,"column":47}}},"4":{"name":"(anonymous_4)","line":24,"loc":{"start":{"line":24,"column":36},"end":{"line":24,"column":57}}},"5":{"name":"(anonymous_5)","line":37,"loc":{"start":{"line":37,"column":23},"end":{"line":37,"column":41}}},"6":{"name":"(anonymous_6)","line":48,"loc":{"start":{"line":48,"column":43},"end":{"line":48,"column":65}}},"7":{"name":"(anonymous_7)","line":59,"loc":{"start":{"line":59,"column":60},"end":{"line":59,"column":78}}},"8":{"name":"(anonymous_8)","line":61,"loc":{"start":{"line":61,"column":38},"end":{"line":61,"column":59}}},"9":{"name":"(anonymous_9)","line":63,"loc":{"start":{"line":63,"column":75},"end":{"line":63,"column":93}}},"10":{"name":"(anonymous_10)","line":65,"loc":{"start":{"line":65,"column":125},"end":{"line":65,"column":148}}},"11":{"name":"(anonymous_11)","line":72,"loc":{"start":{"line":72,"column":22},"end":{"line":72,"column":41}}},"12":{"name":"(anonymous_12)","line":78,"loc":{"start":{"line":78,"column":69},"end":{"line":78,"column":91}}},"13":{"name":"(anonymous_13)","line":79,"loc":{"start":{"line":79,"column":37},"end":{"line":79,"column":58}}},"14":{"name":"(anonymous_14)","line":84,"loc":{"start":{"line":84,"column":58},"end":{"line":84,"column":76}}},"15":{"name":"(anonymous_15)","line":86,"loc":{"start":{"line":86,"column":64},"end":{"line":86,"column":87}}},"16":{"name":"(anonymous_16)","line":93,"loc":{"start":{"line":93,"column":12},"end":{"line":93,"column":30}}},"17":{"name":"(anonymous_17)","line":97,"loc":{"start":{"line":97,"column":228},"end":{"line":97,"column":249}}}},"statementMap":{"1":{"start":{"line":1,"column":0},"end":{"line":1,"column":40}},"2":{"start":{"line":3,"column":0},"end":{"line":102,"column":1}},"3":{"start":{"line":6,"column":4},"end":{"line":6,"column":32}},"4":{"start":{"line":7,"column":4},"end":{"line":17,"column":6}},"5":{"start":{"line":8,"column":6},"end":{"line":16,"column":7}},"6":{"start":{"line":9,"column":8},"end":{"line":9,"column":79}},"7":{"start":{"line":10,"column":8},"end":{"line":10,"column":25}},"8":{"start":{"line":11,"column":8},"end":{"line":11,"column":18}},"9":{"start":{"line":12,"column":13},"end":{"line":16,"column":7}},"10":{"start":{"line":13,"column":8},"end":{"line":13,"column":58}},"11":{"start":{"line":15,"column":8},"end":{"line":15,"column":24}},"12":{"start":{"line":22,"column":4},"end":{"line":22,"column":30}},"13":{"start":{"line":23,"column":4},"end":{"line":23,"column":32}},"14":{"start":{"line":24,"column":4},"end":{"line":30,"column":7}},"15":{"start":{"line":25,"column":6},"end":{"line":29,"column":5}},"16":{"start":{"line":26,"column":8},"end":{"line":26,"column":58}},"17":{"start":{"line":28,"column":6},"end":{"line":28,"column":22}},"18":{"start":{"line":38,"column":4},"end":{"line":38,"column":34}},"19":{"start":{"line":39,"column":4},"end":{"line":39,"column":36}},"20":{"start":{"line":40,"column":4},"end":{"line":40,"column":32}},"21":{"start":{"line":41,"column":4},"end":{"line":41,"column":30}},"22":{"start":{"line":42,"column":4},"end":{"line":42,"column":26}},"23":{"start":{"line":43,"column":4},"end":{"line":43,"column":42}},"24":{"start":{"line":44,"column":4},"end":{"line":44,"column":55}},"25":{"start":{"line":45,"column":4},"end":{"line":45,"column":40}},"26":{"start":{"line":46,"column":4},"end":{"line":46,"column":23}},"27":{"start":{"line":48,"column":4},"end":{"line":69,"column":6}},"28":{"start":{"line":49,"column":6},"end":{"line":49,"column":40}},"29":{"start":{"line":50,"column":6},"end":{"line":68,"column":7}},"30":{"start":{"line":51,"column":8},"end":{"line":51,"column":57}},"31":{"start":{"line":52,"column":13},"end":{"line":68,"column":7}},"32":{"start":{"line":53,"column":8},"end":{"line":53,"column":68}},"33":{"start":{"line":54,"column":13},"end":{"line":68,"column":7}},"34":{"start":{"line":55,"column":8},"end":{"line":55,"column":100}},"35":{"start":{"line":58,"column":10},"end":{"line":58,"column":41}},"36":{"start":{"line":59,"column":10},"end":{"line":60,"column":12}},"37":{"start":{"line":61,"column":10},"end":{"line":64,"column":13}},"38":{"start":{"line":62,"column":12},"end":{"line":62,"column":59}},"39":{"start":{"line":63,"column":12},"end":{"line":63,"column":96}},"40":{"start":{"line":65,"column":10},"end":{"line":67,"column":12}},"41":{"start":{"line":66,"column":12},"end":{"line":66,"column":27}},"42":{"start":{"line":73,"column":4},"end":{"line":73,"column":36}},"43":{"start":{"line":74,"column":4},"end":{"line":74,"column":32}},"44":{"start":{"line":75,"column":4},"end":{"line":75,"column":30}},"45":{"start":{"line":76,"column":4},"end":{"line":76,"column":26}},"46":{"start":{"line":78,"column":4},"end":{"line":90,"column":4}},"47":{"start":{"line":79,"column":6},"end":{"line":89,"column":6}},"48":{"start":{"line":80,"column":8},"end":{"line":85,"column":9}},"49":{"start":{"line":81,"column":10},"end":{"line":81,"column":56}},"50":{"start":{"line":83,"column":9},"end":{"line":83,"column":40}},"51":{"start":{"line":84,"column":8},"end":{"line":84,"column":79}},"52":{"start":{"line":86,"column":6},"end":{"line":88,"column":8}},"53":{"start":{"line":87,"column":8},"end":{"line":87,"column":23}},"54":{"start":{"line":94,"column":4},"end":{"line":94,"column":30}},"55":{"start":{"line":95,"column":4},"end":{"line":95,"column":28}},"56":{"start":{"line":96,"column":4},"end":{"line":96,"column":26}},"57":{"start":{"line":97,"column":4},"end":{"line":99,"column":6}},"58":{"start":{"line":98,"column":6},"end":{"line":98,"column":22}},"59":{"start":{"line":104,"column":0},"end":{"line":104,"column":33}}},"branchMap":{"1":{"line":8,"type":"if","locations":[{"start":{"line":8,"column":6},"end":{"line":8,"column":6}},{"start":{"line":8,"column":6},"end":{"line":8,"column":6}}]},"2":{"line":12,"type":"if","locations":[{"start":{"line":12,"column":13},"end":{"line":12,"column":13}},{"start":{"line":12,"column":13},"end":{"line":12,"column":13}}]},"3":{"line":25,"type":"if","locations":[{"start":{"line":25,"column":6},"end":{"line":25,"column":6}},{"start":{"line":25,"column":6},"end":{"line":25,"column":6}}]},"4":{"line":50,"type":"if","locations":[{"start":{"line":50,"column":6},"end":{"line":50,"column":6}},{"start":{"line":50,"column":6},"end":{"line":50,"column":6}}]},"5":{"line":52,"type":"if","locations":[{"start":{"line":52,"column":13},"end":{"line":52,"column":13}},{"start":{"line":52,"column":13},"end":{"line":52,"column":13}}]},"6":{"line":54,"type":"if","locations":[{"start":{"line":54,"column":13},"end":{"line":54,"column":13}},{"start":{"line":54,"column":13},"end":{"line":54,"column":13}}]},"7":{"line":80,"type":"if","locations":[{"start":{"line":80,"column":8},"end":{"line":80,"column":8}},{"start":{"line":80,"column":8},"end":{"line":80,"column":8}}]}}},"/Users/rowan/C5/projects/VideoStoreAPI/models/rental.js":{"path":"/Users/rowan/C5/projects/VideoStoreAPI/models/rental.js","s":{"1":1,"2":1,"3":1,"4":0,"5":1,"6":0,"7":0,"8":0,"9":0,"10":1,"11":0,"12":0,"13":0,"14":0,"15":1},"b":{"1":[0,0],"2":[0,0]},"f":{"1":0,"2":0,"3":0,"4":0,"5":0},"fnMap":{"1":{"name":"(anonymous_1)","line":4,"loc":{"start":{"line":4,"column":14},"end":{"line":4,"column":27}}},"2":{"name":"(anonymous_2)","line":8,"loc":{"start":{"line":8,"column":16},"end":{"line":8,"column":43}}},"3":{"name":"(anonymous_3)","line":9,"loc":{"start":{"line":9,"column":33},"end":{"line":9,"column":56}}},"4":{"name":"(anonymous_4)","line":18,"loc":{"start":{"line":18,"column":24},"end":{"line":18,"column":49}}},"5":{"name":"(anonymous_5)","line":19,"loc":{"start":{"line":19,"column":34},"end":{"line":19,"column":56}}}},"statementMap":{"1":{"start":{"line":1,"column":0},"end":{"line":1,"column":28}},"2":{"start":{"line":2,"column":0},"end":{"line":2,"column":23}},"3":{"start":{"line":4,"column":0},"end":{"line":6,"column":2}},"4":{"start":{"line":5,"column":2},"end":{"line":5,"column":15}},"5":{"start":{"line":8,"column":0},"end":{"line":16,"column":2}},"6":{"start":{"line":9,"column":2},"end":{"line":15,"column":5}},"7":{"start":{"line":10,"column":4},"end":{"line":14,"column":5}},"8":{"start":{"line":11,"column":6},"end":{"line":11,"column":33}},"9":{"start":{"line":13,"column":6},"end":{"line":13,"column":29}},"10":{"start":{"line":18,"column":0},"end":{"line":26,"column":2}},"11":{"start":{"line":19,"column":2},"end":{"line":25,"column":5}},"12":{"start":{"line":20,"column":4},"end":{"line":24,"column":5}},"13":{"start":{"line":21,"column":6},"end":{"line":21,"column":33}},"14":{"start":{"line":23,"column":6},"end":{"line":23,"column":29}},"15":{"start":{"line":79,"column":0},"end":{"line":79,"column":25}}},"branchMap":{"1":{"line":10,"type":"if","locations":[{"start":{"line":10,"column":4},"end":{"line":10,"column":4}},{"start":{"line":10,"column":4},"end":{"line":10,"column":4}}]},"2":{"line":20,"type":"if","locations":[{"start":{"line":20,"column":4},"end":{"line":20,"column":4}},{"start":{"line":20,"column":4},"end":{"line":20,"column":4}}]}}}}