TN:
SF:/Users/deirdrestorck/C5/projects/VideoStoreAPI/models/customer.js
FN:4,(anonymous_1)
FN:8,(anonymous_2)
FN:9,(anonymous_3)
FN:18,(anonymous_4)
FN:19,(anonymous_5)
FN:29,(anonymous_6)
FN:30,(anonymous_7)
FN:39,(anonymous_8)
FN:40,(anonymous_9)
FN:49,(anonymous_10)
FN:50,(anonymous_11)
FN:59,(anonymous_12)
FN:60,(anonymous_13)
FN:69,(anonymous_14)
FNF:14
FNH:3
FNDA:0,(anonymous_1)
FNDA:1,(anonymous_2)
FNDA:1,(anonymous_3)
FNDA:0,(anonymous_4)
FNDA:0,(anonymous_5)
FNDA:0,(anonymous_6)
FNDA:0,(anonymous_7)
FNDA:0,(anonymous_8)
FNDA:0,(anonymous_9)
FNDA:0,(anonymous_10)
FNDA:0,(anonymous_11)
FNDA:0,(anonymous_12)
FNDA:0,(anonymous_13)
FNDA:1,(anonymous_14)
DA:1,1
DA:2,1
DA:4,1
DA:5,0
DA:8,1
DA:9,1
DA:10,1
DA:11,0
DA:13,1
DA:18,1
DA:19,0
DA:20,0
DA:21,0
DA:23,0
DA:24,0
DA:29,1
DA:30,0
DA:31,0
DA:32,0
DA:34,0
DA:39,1
DA:40,0
DA:41,0
DA:42,0
DA:44,0
DA:49,1
DA:50,0
DA:51,0
DA:52,0
DA:54,0
DA:59,1
DA:60,0
DA:61,0
DA:62,0
DA:64,0
DA:69,1
DA:71,1
LF:37
LH:14
BRDA:10,1,0,0
BRDA:10,1,1,1
BRDA:20,2,0,0
BRDA:20,2,1,0
BRDA:20,3,0,0
BRDA:20,3,1,0
BRDA:21,4,0,0
BRDA:21,4,1,0
BRDA:24,5,0,0
BRDA:24,5,1,0
BRDA:31,6,0,0
BRDA:31,6,1,0
BRDA:31,7,0,0
BRDA:31,7,1,0
BRDA:32,8,0,0
BRDA:32,8,1,0
BRDA:41,9,0,0
BRDA:41,9,1,0
BRDA:41,10,0,0
BRDA:41,10,1,0
BRDA:42,11,0,0
BRDA:42,11,1,0
BRDA:51,12,0,0
BRDA:51,12,1,0
BRDA:51,13,0,0
BRDA:51,13,1,0
BRDA:52,14,0,0
BRDA:52,14,1,0
BRDA:61,15,0,0
BRDA:61,15,1,0
BRDA:61,16,0,0
BRDA:61,16,1,0
BRDA:62,17,0,0
BRDA:62,17,1,0
BRF:34
BRH:1
end_of_record
TN:
SF:/Users/deirdrestorck/C5/projects/VideoStoreAPI/app.js
FN:50,(anonymous_1)
FN:61,(anonymous_2)
FN:72,(anonymous_3)
FNF:3
FNH:0
FNDA:0,(anonymous_1)
FNDA:0,(anonymous_2)
FNDA:0,(anonymous_3)
DA:1,1
DA:2,1
DA:3,1
DA:4,1
DA:5,1
DA:6,1
DA:7,1
DA:8,1
DA:9,1
DA:12,1
DA:13,1
DA:14,1
DA:22,1
DA:23,1
DA:25,1
DA:26,1
DA:28,1
DA:29,1
DA:31,1
DA:32,1
DA:33,1
DA:35,1
DA:36,1
DA:39,1
DA:40,1
DA:44,1
DA:45,1
DA:46,1
DA:50,1
DA:51,0
DA:52,0
DA:53,0
DA:60,1
DA:61,0
DA:62,0
DA:63,0
DA:72,1
DA:73,0
DA:74,0
DA:81,1
LF:40
LH:32
BRDA:60,1,0,0
BRDA:60,1,1,1
BRDA:62,2,0,0
BRDA:62,2,1,0
BRDA:73,3,0,0
BRDA:73,3,1,0
BRF:6
BRH:1
end_of_record
TN:
SF:/Users/deirdrestorck/C5/projects/VideoStoreAPI/routes/index.js
FN:246,(anonymous_1)
FN:250,(anonymous_2)
FN:254,(anonymous_3)
FNF:3
FNH:0
FNDA:0,(anonymous_1)
FNDA:0,(anonymous_2)
FNDA:0,(anonymous_3)
DA:1,1
DA:2,1
DA:3,1
DA:246,1
DA:247,0
DA:250,1
DA:251,0
DA:254,1
DA:255,0
DA:258,1
LF:10
LH:7
BRF:0
BRH:0
end_of_record
TN:
SF:/Users/deirdrestorck/C5/projects/VideoStoreAPI/routes/movies.js
FNF:0
FNH:0
DA:1,1
DA:2,1
DA:3,1
DA:6,1
DA:9,1
DA:10,1
DA:14,1
DA:16,1
DA:17,1
DA:18,1
DA:20,1
LF:11
LH:11
BRF:0
BRH:0
end_of_record
TN:
SF:/Users/deirdrestorck/C5/projects/VideoStoreAPI/controllers/movies_controller.js
FN:4,(anonymous_1)
FN:9,(anonymous_2)
FN:10,(anonymous_3)
FN:23,(anonymous_4)
FN:27,(anonymous_5)
FN:38,(anonymous_6)
FN:42,(anonymous_7)
FN:53,(anonymous_8)
FN:56,(anonymous_9)
FN:69,(anonymous_10)
FN:72,(anonymous_11)
FN:83,(anonymous_12)
FN:86,(anonymous_13)
FN:97,(anonymous_14)
FN:100,(anonymous_15)
FNF:15
FNH:0
FNDA:0,(anonymous_1)
FNDA:0,(anonymous_2)
FNDA:0,(anonymous_3)
FNDA:0,(anonymous_4)
FNDA:0,(anonymous_5)
FNDA:0,(anonymous_6)
FNDA:0,(anonymous_7)
FNDA:0,(anonymous_8)
FNDA:0,(anonymous_9)
FNDA:0,(anonymous_10)
FNDA:0,(anonymous_11)
FNDA:0,(anonymous_12)
FNDA:0,(anonymous_13)
FNDA:0,(anonymous_14)
FNDA:0,(anonymous_15)
DA:1,1
DA:3,1
DA:5,0
DA:10,0
DA:11,0
DA:12,0
DA:13,0
DA:14,0
DA:16,0
DA:24,0
DA:25,0
DA:27,0
DA:28,0
DA:29,0
DA:30,0
DA:31,0
DA:33,0
DA:39,0
DA:40,0
DA:42,0
DA:43,0
DA:44,0
DA:45,0
DA:46,0
DA:48,0
DA:54,0
DA:56,0
DA:57,0
DA:58,0
DA:59,0
DA:60,0
DA:62,0
DA:70,0
DA:72,0
DA:73,0
DA:74,0
DA:75,0
DA:76,0
DA:78,0
DA:84,0
DA:86,0
DA:87,0
DA:88,0
DA:89,0
DA:90,0
DA:92,0
DA:98,0
DA:100,0
DA:101,0
DA:102,0
DA:103,0
DA:104,0
DA:106,0
DA:112,1
LF:54
LH:3
BRDA:11,1,0,0
BRDA:11,1,1,0
BRDA:28,2,0,0
BRDA:28,2,1,0
BRDA:43,3,0,0
BRDA:43,3,1,0
BRDA:57,4,0,0
BRDA:57,4,1,0
BRDA:73,5,0,0
BRDA:73,5,1,0
BRDA:87,6,0,0
BRDA:87,6,1,0
BRDA:101,7,0,0
BRDA:101,7,1,0
BRF:14
BRH:0
end_of_record
TN:
SF:/Users/deirdrestorck/C5/projects/VideoStoreAPI/models/movie.js
FN:4,(anonymous_1)
FN:8,(anonymous_2)
FN:9,(anonymous_3)
FN:18,(anonymous_4)
FN:19,(anonymous_5)
FN:28,(anonymous_6)
FN:29,(anonymous_7)
FN:38,(anonymous_8)
FN:39,(anonymous_9)
FN:48,(anonymous_10)
FN:49,(anonymous_11)
FN:58,(anonymous_12)
FN:59,(anonymous_13)
FN:68,(anonymous_14)
FN:69,(anonymous_15)
FNF:15
FNH:0
FNDA:0,(anonymous_1)
FNDA:0,(anonymous_2)
FNDA:0,(anonymous_3)
FNDA:0,(anonymous_4)
FNDA:0,(anonymous_5)
FNDA:0,(anonymous_6)
FNDA:0,(anonymous_7)
FNDA:0,(anonymous_8)
FNDA:0,(anonymous_9)
FNDA:0,(anonymous_10)
FNDA:0,(anonymous_11)
FNDA:0,(anonymous_12)
FNDA:0,(anonymous_13)
FNDA:0,(anonymous_14)
FNDA:0,(anonymous_15)
DA:1,1
DA:2,1
DA:4,1
DA:5,0
DA:8,1
DA:9,0
DA:10,0
DA:11,0
DA:13,0
DA:18,1
DA:19,0
DA:20,0
DA:21,0
DA:23,0
DA:28,1
DA:29,0
DA:30,0
DA:31,0
DA:33,0
DA:38,1
DA:39,0
DA:40,0
DA:41,0
DA:43,0
DA:48,1
DA:49,0
DA:50,0
DA:51,0
DA:53,0
DA:58,1
DA:59,0
DA:60,0
DA:61,0
DA:63,0
DA:68,1
DA:69,0
DA:70,0
DA:71,0
DA:73,0
DA:79,1
LF:40
LH:11
BRDA:10,1,0,0
BRDA:10,1,1,0
BRDA:20,2,0,0
BRDA:20,2,1,0
BRDA:30,3,0,0
BRDA:30,3,1,0
BRDA:40,4,0,0
BRDA:40,4,1,0
BRDA:50,5,0,0
BRDA:50,5,1,0
BRDA:60,6,0,0
BRDA:60,6,1,0
BRDA:70,7,0,0
BRDA:70,7,1,0
BRF:14
BRH:0
end_of_record
TN:
SF:/Users/deirdrestorck/C5/projects/VideoStoreAPI/routes/customers.js
FNF:0
FNH:0
DA:1,1
DA:2,1
DA:3,1
DA:6,1
DA:9,1
DA:10,1
DA:11,1
DA:14,1
DA:15,1
DA:17,1
LF:10
LH:10
BRF:0
BRH:0
end_of_record
TN:
SF:/Users/deirdrestorck/C5/projects/VideoStoreAPI/controllers/customers_controller.js
FN:6,(anonymous_1)
FN:7,(anonymous_2)
FN:19,(anonymous_3)
FN:21,(anonymous_4)
FN:32,(anonymous_5)
FN:34,(anonymous_6)
FN:45,(anonymous_7)
FN:47,(anonymous_8)
FN:60,(anonymous_9)
FN:62,(anonymous_10)
FN:73,(anonymous_11)
FN:75,(anonymous_12)
FNF:12
FNH:0
FNDA:0,(anonymous_1)
FNDA:0,(anonymous_2)
FNDA:0,(anonymous_3)
FNDA:0,(anonymous_4)
FNDA:0,(anonymous_5)
FNDA:0,(anonymous_6)
FNDA:0,(anonymous_7)
FNDA:0,(anonymous_8)
FNDA:0,(anonymous_9)
FNDA:0,(anonymous_10)
FNDA:0,(anonymous_11)
FNDA:0,(anonymous_12)
DA:1,1
DA:3,1
DA:7,0
DA:8,0
DA:9,0
DA:10,0
DA:11,0
DA:13,0
DA:20,0
DA:21,0
DA:22,0
DA:23,0
DA:24,0
DA:25,0
DA:27,0
DA:33,0
DA:34,0
DA:35,0
DA:36,0
DA:37,0
DA:38,0
DA:40,0
DA:46,0
DA:47,0
DA:48,0
DA:49,0
DA:50,0
DA:51,0
DA:53,0
DA:61,0
DA:62,0
DA:63,0
DA:64,0
DA:65,0
DA:66,0
DA:68,0
DA:74,0
DA:75,0
DA:76,0
DA:77,0
DA:78,0
DA:79,0
DA:81,0
DA:88,1
LF:44
LH:3
BRDA:8,1,0,0
BRDA:8,1,1,0
BRDA:22,2,0,0
BRDA:22,2,1,0
BRDA:35,3,0,0
BRDA:35,3,1,0
BRDA:48,4,0,0
BRDA:48,4,1,0
BRDA:63,5,0,0
BRDA:63,5,1,0
BRDA:76,6,0,0
BRDA:76,6,1,0
BRF:12
BRH:0
end_of_record
TN:
SF:/Users/deirdrestorck/C5/projects/VideoStoreAPI/routes/rentals.js
FNF:0
FNH:0
DA:1,1
DA:2,1
DA:3,1
DA:5,1
DA:6,1
DA:7,1
DA:9,1
DA:10,1
DA:12,1
LF:9
LH:9
BRF:0
BRH:0
end_of_record
TN:
SF:/Users/deirdrestorck/C5/projects/VideoStoreAPI/controllers/rental_controller.js
FN:5,(anonymous_1)
FN:7,(anonymous_2)
FN:20,(anonymous_3)
FN:22,(anonymous_4)
FN:35,(anonymous_5)
FN:39,(anonymous_6)
FN:50,(anonymous_7)
FN:53,(anonymous_8)
FN:64,(anonymous_9)
FN:65,(anonymous_10)
FNF:10
FNH:0
FNDA:0,(anonymous_1)
FNDA:0,(anonymous_2)
FNDA:0,(anonymous_3)
FNDA:0,(anonymous_4)
FNDA:0,(anonymous_5)
FNDA:0,(anonymous_6)
FNDA:0,(anonymous_7)
FNDA:0,(anonymous_8)
FNDA:0,(anonymous_9)
FNDA:0,(anonymous_10)
DA:1,1
DA:3,1
DA:6,0
DA:7,0
DA:8,0
DA:9,0
DA:10,0
DA:11,0
DA:12,0
DA:13,0
DA:15,0
DA:21,0
DA:22,0
DA:23,0
DA:24,0
DA:25,0
DA:26,0
DA:27,0
DA:28,0
DA:30,0
DA:36,0
DA:37,0
DA:39,0
DA:40,0
DA:41,0
DA:42,0
DA:43,0
DA:45,0
DA:51,0
DA:52,0
DA:53,0
DA:54,0
DA:55,0
DA:56,0
DA:57,0
DA:59,0
DA:65,0
DA:66,0
DA:67,0
DA:68,0
DA:69,0
DA:71,0
DA:77,1
LF:43
LH:3
BRDA:8,1,0,0
BRDA:8,1,1,0
BRDA:12,2,0,0
BRDA:12,2,1,0
BRDA:23,3,0,0
BRDA:23,3,1,0
BRDA:27,4,0,0
BRDA:27,4,1,0
BRDA:40,5,0,0
BRDA:40,5,1,0
BRDA:54,6,0,0
BRDA:54,6,1,0
BRDA:66,7,0,0
BRDA:66,7,1,0
BRF:14
BRH:0
end_of_record
TN:
SF:/Users/deirdrestorck/C5/projects/VideoStoreAPI/models/rental.js
FN:4,(anonymous_1)
FN:8,(anonymous_2)
FN:9,(anonymous_3)
FN:18,(anonymous_4)
FN:19,(anonymous_5)
FN:36,(anonymous_6)
FN:39,(anonymous_7)
FN:41,(anonymous_8)
FN:50,(anonymous_9)
FN:51,(anonymous_10)
FN:55,(anonymous_11)
FN:64,(anonymous_12)
FN:66,(anonymous_13)
FN:67,(anonymous_14)
FN:72,(anonymous_15)
FN:73,(anonymous_16)
FN:85,(anonymous_17)
FN:90,(anonymous_18)
FNF:18
FNH:5
FNDA:0,(anonymous_1)
FNDA:3,(anonymous_2)
FNDA:3,(anonymous_3)
FNDA:2,(anonymous_4)
FNDA:2,(anonymous_5)
FNDA:0,(anonymous_6)
FNDA:0,(anonymous_7)
FNDA:0,(anonymous_8)
FNDA:0,(anonymous_9)
FNDA:0,(anonymous_10)
FNDA:0,(anonymous_11)
FNDA:0,(anonymous_12)
FNDA:0,(anonymous_13)
FNDA:0,(anonymous_14)
FNDA:0,(anonymous_15)
FNDA:0,(anonymous_16)
FNDA:0,(anonymous_17)
FNDA:5,(anonymous_18)
DA:1,1
DA:2,1
DA:4,1
DA:5,0
DA:8,1
DA:9,3
DA:10,3
DA:11,0
DA:13,3
DA:18,1
DA:19,2
DA:20,2
DA:21,0
DA:23,2
DA:28,1
DA:29,0
DA:30,0
DA:31,0
DA:32,0
DA:33,0
DA:34,0
DA:36,0
DA:38,0
DA:39,0
DA:41,0
DA:42,0
DA:43,0
DA:45,0
DA:50,1
DA:51,0
DA:52,0
DA:53,0
DA:55,0
DA:56,0
DA:57,0
DA:59,0
DA:64,1
DA:65,0
DA:66,0
DA:67,0
DA:68,0
DA:69,0
DA:71,0
DA:72,0
DA:73,0
DA:74,0
DA:75,0
DA:77,0
DA:85,1
DA:86,0
DA:87,0
DA:90,5
DA:91,1
LF:53
LH:17
BRDA:10,1,0,0
BRDA:10,1,1,3
BRDA:20,2,0,0
BRDA:20,2,1,2
BRDA:42,3,0,0
BRDA:42,3,1,0
BRDA:52,4,0,0
BRDA:52,4,1,0
BRDA:53,5,0,0
BRDA:53,5,1,0
BRDA:57,6,0,0
BRDA:57,6,1,0
BRDA:57,7,0,0
BRDA:57,7,1,0
BRDA:68,8,0,0
BRDA:68,8,1,0
BRDA:74,9,0,0
BRDA:74,9,1,0
BRF:18
BRH:2
end_of_record
